tests/test_basic.py: note: In function "test_import":
tests/test_basic.py:19: error: Function is missing a return type annotation  [no-untyped-def]
    def test_import():
    ^
tests/test_basic.py:19: note: Use "-> None" if function does not return a value
tests/test_basic.py:19: note: See https://mypy.rtfd.io/en/stable/_refs.html#code-no-untyped-def for more info
tests/test_basic.py: note: In function "test_api_exists":
tests/test_basic.py:26: error: Function is missing a return type annotation  [no-untyped-def]
    def test_api_exists():
    ^
tests/test_basic.py:26: note: Use "-> None" if function does not return a value
tests/test_basic.py: note: In function "test_invalid_path":
tests/test_basic.py:33: error: Function is missing a return type annotation  [no-untyped-def]
    def test_invalid_path():
    ^
tests/test_basic.py:33: note: Use "-> None" if function does not return a value
tests/test_basic.py: note: In function "main":
tests/test_basic.py:42: error: Function is missing a return type annotation  [no-untyped-def]
    def main():
    ^
tests/test_basic.py:42: note: Use "-> None" if function does not return a value
tests/test_basic.py: note: At top level:
tests/test_basic.py:52: error: Call to untyped function "main" in typed context  [no-untyped-call]
        main()
        ^~~~~~
tests/test_basic.py:52: note: See https://mypy.rtfd.io/en/stable/_refs.html#code-no-untyped-call for more info
tests/conftest.py: note: In function "test_env":
tests/conftest.py:56: error: Function is missing a return type annotation  [no-untyped-def]
    def test_env():
    ^
tests/conftest.py: note: In function "temp_dir":
tests/conftest.py:67: error: Function is missing a type annotation  [no-untyped-def]
    def temp_dir(tmp_path):
    ^
tests/test_file_browser_app.py: note: In function "temp_directory":
tests/test_file_browser_app.py:44: error: Function is missing a return type annotation  [no-untyped-def]
    def temp_directory():
    ^
tests/test_file_browser_app.py: note: In function "temp_directory_with_varied_files":
tests/test_file_browser_app.py:67: error: Function is missing a return type annotation  [no-untyped-def]
    def temp_directory_with_varied_files():
    ^
tests/test_file_browser_app.py: note: In member "test_app_initialization" of class "TestFileBrowserApp":
tests/test_file_browser_app.py:106: error: Function is missing a type annotation  [no-untyped-def]
        async def test_app_initialization(self, temp_directory):
        ^
tests/test_file_browser_app.py:111: error: "FileBrowserApp" has no attribute "selected_file"; maybe "select_files" or "selected_item"?  [attr-defined]
            assert app.selected_file is None
                   ^~~~~~~~~~~~~~~~~
tests/test_file_browser_app.py: note: In member "test_app_compose" of class "TestFileBrowserApp":
tests/test_file_browser_app.py:114: error: Function is missing a type annotation  [no-untyped-def]
        async def test_app_compose(self, temp_directory):
        ^
tests/test_file_browser_app.py: note: In member "test_app_title" of class "TestFileBrowserApp":
tests/test_file_browser_app.py:124: error: Function is missing a type annotation  [no-untyped-def]
        async def test_app_title(self, temp_directory):
        ^
tests/test_file_browser_app.py: note: In member "test_quit_action" of class "TestFileBrowserApp":
tests/test_file_browser_app.py:132: error: Function is missing a type annotation  [no-untyped-def]
        async def test_quit_action(self, temp_directory):
        ^
tests/test_file_browser_app.py: note: In member "test_escape_quit" of class "TestFileBrowserApp":
tests/test_file_browser_app.py:140: error: Function is missing a type annotation  [no-untyped-def]
        async def test_escape_quit(self, temp_directory):
        ^
tests/test_file_browser_app.py: note: In member "test_directory_tree_navigation" of class "TestFileBrowserApp":
tests/test_file_browser_app.py:148: error: Function is missing a type annotation  [no-untyped-def]
        async def test_directory_tree_navigation(self, temp_directory):
        ^
tests/test_file_browser_app.py: note: In member "test_file_selection" of class "TestFileBrowserApp":
tests/test_file_browser_app.py:164: error: Function is missing a type annotation  [no-untyped-def]
        async def test_file_selection(self, temp_directory):
        ^
tests/test_file_browser_app.py: note: In function "test_file_selection":
tests/test_file_browser_app.py:177: error: Function is missing a type annotation  [no-untyped-def]
                    def __init__(self, path):
                    ^
tests/test_file_browser_app.py: note: In member "test_file_selection" of class "TestFileBrowserApp":
tests/test_file_browser_app.py:181: error: "App[FileInfo | None]" has no attribute "on_file_selected"  [attr-defined]
                pilot.app.on_file_selected(MockFileSelectedEvent(selected_file))
                ^~~~~~~~~~~~~~~~~~~~~~~~~~
tests/test_file_browser_app.py:181: error: Call to untyped function "MockFileSelectedEvent" in typed context  [no-untyped-call]
                pilot.app.on_file_selected(MockFileSelectedEvent(selected_file))
                                           ^~~~~~~~~~~~~~~~~~~~~~~~~~~~~~~~~~~~
tests/test_file_browser_app.py:184: error: "App[FileInfo | None]" has no attribute "selected_file"  [attr-defined]
                assert pilot.app.selected_file == selected_file
                       ^~~~~~~~~~~~~~~~~~~~~~~
tests/test_file_browser_app.py: note: In member "test_invalid_start_path" of class "TestFileBrowserApp":
tests/test_file_browser_app.py:187: error: Function is missing a return type annotation  [no-untyped-def]
        async def test_invalid_start_path(self):
        ^
tests/test_file_browser_app.py:187: note: Use "-> None" if function does not return a value
tests/test_file_browser_app.py: note: In member "test_app_css" of class "TestFileBrowserApp":
tests/test_file_browser_app.py:195: error: Function is missing a type annotation  [no-untyped-def]
        async def test_app_css(self, temp_directory):
        ^
tests/test_file_browser_app.py: note: In member "test_app_visual_snapshot" of class "TestFileBrowserApp":
tests/test_file_browser_app.py:203: error: Function is missing a type annotation  [no-untyped-def]
        def test_app_visual_snapshot(self, snap_compare):
        ^
tests/test_file_browser_app.py: note: In member "test_app_navigation_snapshot" of class "TestFileBrowserApp":
tests/test_file_browser_app.py:211: error: Function is missing a type annotation  [no-untyped-def]
        def test_app_navigation_snapshot(self, snap_compare):
        ^
tests/test_file_browser_app.py: note: In member "test_app_file_selection_snapshot" of class "TestFileBrowserApp":
tests/test_file_browser_app.py:219: error: Function is missing a type annotation  [no-untyped-def]
        def test_app_file_selection_snapshot(self, snap_compare):
        ^
tests/test_file_browser_app.py: note: In member "test_path_display_updates" of class "TestFileBrowserApp":
tests/test_file_browser_app.py:233: error: Function is missing a type annotation  [no-untyped-def]
        async def test_path_display_updates(self, temp_directory):
        ^
tests/test_file_browser_app.py:239: error: "Widget" has no attribute "renderable"; maybe "render_line"?  [attr-defined]
                assert str(temp_directory) in path_display.renderable
                                              ^~~~~~~~~~~~~~~~~~~~~~~
tests/test_file_browser_app.py:245: error: "Widget" has no attribute "renderable"; maybe "render_line"?  [attr-defined]
                assert path_display.renderable != ""
                       ^~~~~~~~~~~~~~~~~~~~~~~
tests/test_file_browser_app.py: note: In member "test_sort_dialog_opens" of class "TestFileBrowserApp":
tests/test_file_browser_app.py:248: error: Function is missing a type annotation  [no-untyped-def]
        async def test_sort_dialog_opens(self, temp_directory_with_varied_files):
        ^
tests/test_file_browser_app.py: note: In member "test_sort_dialog_selection" of class "TestFileBrowserApp":
tests/test_file_browser_app.py:266: error: Function is missing a type annotation  [no-untyped-def]
        async def test_sort_dialog_selection(self, temp_directory_with_varied_files):
        ^
tests/test_file_browser_app.py: note: In member "test_tree_sorting_applied" of class "TestFileBrowserApp":
tests/test_file_browser_app.py:291: error: Function is missing a type annotation  [no-untyped-def]
        async def test_tree_sorting_applied(self, temp_directory_with_varied_files):
        ^
tests/test_file_browser_app.py: note: In member "test_sort_by_name_snapshot" of class "TestFileBrowserApp":
tests/test_file_browser_app.py:308: error: Function is missing a type annotation  [no-untyped-def]
        def test_sort_by_name_snapshot(self, snap_compare):
        ^
tests/test_file_browser_app.py: note: In member "test_sort_dialog_snapshot" of class "TestFileBrowserApp":
tests/test_file_browser_app.py:314: error: Function is missing a type annotation  [no-untyped-def]
        def test_sort_dialog_snapshot(self, snap_compare):
        ^
tests/test_file_browser_app.py: note: In member "test_sort_dialog_cancel" of class "TestFileBrowserApp":
tests/test_file_browser_app.py:321: error: Function is missing a type annotation  [no-untyped-def]
        async def test_sort_dialog_cancel(self, temp_directory_with_varied_files):
        ^
tests/test_file_browser_app.py: note: In member "test_footer_shows_sort_binding" of class "TestFileBrowserApp":
tests/test_file_browser_app.py:340: error: Function is missing a type annotation  [no-untyped-def]
        async def test_footer_shows_sort_binding(self, temp_directory):
        ^
tests/test_file_browser_app.py: note: In member "test_sort_dialog_initialization" of class "TestSortDialog":
tests/test_file_browser_app.py:352: error: Function is missing a return type annotation  [no-untyped-def]
        def test_sort_dialog_initialization(self):
        ^
tests/test_file_browser_app.py:352: note: Use "-> None" if function does not return a value
tests/test_file_browser_app.py: note: In member "test_custom_directory_tree_init" of class "TestSortDialog":
tests/test_file_browser_app.py:358: error: Function is missing a return type annotation  [no-untyped-def]
        def test_custom_directory_tree_init(self):
        ^
tests/test_file_browser_app.py:358: note: Use "-> None" if function does not return a value
tests/test_file_browser_app.py: note: In member "test_select_file_with_mock" of class "TestSelectFileFunction":
tests/test_file_browser_app.py:369: error: Function is missing a type annotation  [no-untyped-def]
        def test_select_file_with_mock(self, temp_directory, monkeypatch):
        ^
tests/test_file_browser_app.py: note: In function "test_select_file_with_mock":
tests/test_file_browser_app.py:377: error: Function is missing a type annotation  [no-untyped-def]
                def __init__(self, start_path):
                ^
tests/test_file_browser_app.py:380: error: Function is missing a return type annotation  [no-untyped-def]
                def run(self):
                ^
tests/test_file_browser_app.py: note: In member "test_select_file_with_mock" of class "TestSelectFileFunction":
tests/test_file_browser_app.py:386: error: Non-overlapping equality check (left operand type: "FileInfo | None", right operand type: "str")  [comparison-overlap]
            assert result == selected_path
                   ^~~~~~~~~~~~~~~~~~~~~~~
tests/test_file_browser_app.py:386: note: See https://mypy.rtfd.io/en/stable/_refs.html#code-comparison-overlap for more info
tests/test_file_browser_app.py: note: In member "test_select_file_default_path" of class "TestSelectFileFunction":
tests/test_file_browser_app.py:388: error: Function is missing a type annotation  [no-untyped-def]
        def test_select_file_default_path(self, monkeypatch):
        ^
tests/test_file_browser_app.py: note: In function "test_select_file_default_path":
tests/test_file_browser_app.py:394: error: Function is missing a type annotation  [no-untyped-def]
                def __init__(self, start_path):
                ^
tests/test_file_browser_app.py:398: error: Function is missing a return type annotation  [no-untyped-def]
                def run(self):
                ^
tests/test_file_browser_app.py:398: note: Use "-> None" if function does not return a value
tests/test_file_browser_app.py: note: In member "test_sort_dialog_action_submit" of class "TestSortDialogAdditional":
tests/test_file_browser_app.py:411: error: Function is missing a return type annotation  [no-untyped-def]
        async def test_sort_dialog_action_submit(self):
        ^
tests/test_file_browser_app.py:411: note: Use "-> None" if function does not return a value
tests/test_file_browser_app.py: note: In member "test_sort_dialog_on_key_enter" of class "TestSortDialogAdditional":
tests/test_file_browser_app.py:441: error: Function is missing a return type annotation  [no-untyped-def]
        async def test_sort_dialog_on_key_enter(self):
        ^
tests/test_file_browser_app.py:441: note: Use "-> None" if function does not return a value
tests/test_file_browser_app.py: note: In member "test_all_sort_modes" of class "TestSortDialogAdditional":
tests/test_file_browser_app.py:466: error: Function is missing a type annotation  [no-untyped-def]
        async def test_all_sort_modes(self, temp_directory_with_varied_files):
        ^
tests/test_file_browser_app.py: note: In member "test_populate_node_error_handling" of class "TestSortDialogAdditional":
tests/test_file_browser_app.py:493: error: Function is missing a type annotation  [no-untyped-def]
        async def test_populate_node_error_handling(self, monkeypatch):
        ^
tests/test_file_browser_app.py: note: In function "test_populate_node_error_handling":
tests/test_file_browser_app.py:518: error: Function is missing a type annotation  [no-untyped-def]
                def mock_path_constructor(path_str):
                ^
tests/test_file_browser_app.py: note: In member "test_populate_node_error_handling" of class "TestSortDialogAdditional":
tests/test_file_browser_app.py:528: error: Missing positional argument "content" in call to "_populate_node" of "DirectoryTree"  [call-arg]
                    tree._populate_node(mock_node)
                    ^~~~~~~~~~~~~~~~~~~~~~~~~~~~~~
tests/test_file_browser_app.py:528: note: See https://mypy.rtfd.io/en/stable/_refs.html#code-call-arg for more info
tests/test_file_browser_app.py: note: In member "test_set_sort_methods" of class "TestSortDialogAdditional":
tests/test_file_browser_app.py:537: error: Function is missing a return type annotation  [no-untyped-def]
        async def test_set_sort_methods(self):
        ^
tests/test_file_browser_app.py:537: note: Use "-> None" if function does not return a value
tests/test_file_browser_app.py: note: In member "test_sort_dialog_no_selection" of class "TestSortDialogAdditional":
tests/test_file_browser_app.py:553: error: Function is missing a return type annotation  [no-untyped-def]
        async def test_sort_dialog_no_selection(self):
        ^
tests/test_file_browser_app.py:553: note: Use "-> None" if function does not return a value
tests/test_file_browser_app.py: note: In member "test_custom_directory_tree_watch_path" of class "TestSortDialogAdditional":
tests/test_file_browser_app.py:570: error: Function is missing a return type annotation  [no-untyped-def]
        async def test_custom_directory_tree_watch_path(self):
        ^
tests/test_file_browser_app.py:570: note: Use "-> None" if function does not return a value
tests/test_file_browser_app.py: note: In member "test_on_radio_changed" of class "TestSortDialogAdditional":
tests/test_file_browser_app.py:584: error: Function is missing a return type annotation  [no-untyped-def]
        async def test_on_radio_changed(self):
        ^
tests/test_file_browser_app.py:584: note: Use "-> None" if function does not return a value
tests/test_file_browser_app.py:603: error: Argument 2 to "Changed" has incompatible type "RadioSet"; expected "RadioButton"  [arg-type]
                event = RadioSet.Changed(mode_set, mode_set)
                                                   ^~~~~~~~
tests/test_file_browser_app.py: note: In member "test_populate_node_with_non_directory" of class "TestSortDialogAdditional":
tests/test_file_browser_app.py:610: error: Function is missing a return type annotation  [no-untyped-def]
        async def test_populate_node_with_non_directory(self):
        ^
tests/test_file_browser_app.py:610: note: Use "-> None" if function does not return a value
tests/test_file_browser_app.py:627: error: Missing positional argument "content" in call to "_populate_node" of "DirectoryTree"  [call-arg]
                    result = tree._populate_node(mock_node)
                             ^~~~~~~~~~~~~~~~~~~~~~~~~~~~~~
tests/test_file_browser_app.py:627: error: "_populate_node" of "DirectoryTree" does not return a value (it only ever returns None)  [func-returns-value]
                    result = tree._populate_node(mock_node)
                             ^~~~~~~~~~~~~~~~~~~~~~~~~~~~~~
tests/test_file_browser_app.py:627: note: See https://mypy.rtfd.io/en/stable/_refs.html#code-func-returns-value for more info
tests/test_file_browser_app.py: note: In member "test_sort_dialog_result_handling" of class "TestSortDialogAdditional":
tests/test_file_browser_app.py:637: error: Function is missing a return type annotation  [no-untyped-def]
        async def test_sort_dialog_result_handling(self):
        ^
tests/test_file_browser_app.py:637: note: Use "-> None" if function does not return a value
tests/test_file_browser_app.py: note: In member "test_sort_dialog_action_submit_defaults" of class "TestSortDialogAdditional":
tests/test_file_browser_app.py:671: error: Function is missing a return type annotation  [no-untyped-def]
        async def test_sort_dialog_action_submit_defaults(self):
        ^
tests/test_file_browser_app.py:671: note: Use "-> None" if function does not return a value
tests/test_file_browser_app.py: note: In function "test_sort_dialog_action_submit_defaults":
tests/test_file_browser_app.py:683: error: Function is missing a type annotation  [no-untyped-def]
                def mock_dismiss(result):
                ^
tests/test_file_browser_app.py: note: In member "test_sort_dialog_action_submit_defaults" of class "TestSortDialogAdditional":
tests/test_file_browser_app.py:687: error: Cannot assign to a method  [method-assign]
                dialog.dismiss = mock_dismiss
                ^~~~~~~~~~~~~~
tests/test_file_browser_app.py:687: note: See https://mypy.rtfd.io/en/stable/_refs.html#code-method-assign for more info
tests/test_file_browser_app.py:687: error: Incompatible types in assignment (expression has type "Callable[[Any], Any]", variable has type "Callable[[tuple[SortMode, SortOrder] | None], AwaitComplete]")  [assignment]
                dialog.dismiss = mock_dismiss
                                 ^~~~~~~~~~~~
tests/test_file_browser_app.py: note: In member "test_unknown_sort_mode" of class "TestSortDialogAdditional":
tests/test_file_browser_app.py:696: error: Function is missing a return type annotation  [no-untyped-def]
        async def test_unknown_sort_mode(self):
        ^
tests/test_file_browser_app.py:696: note: Use "-> None" if function does not return a value
tests/test_file_browser_app.py:704: error: Incompatible types in assignment (expression has type "int", variable has type "SortMode")  [assignment]
                tree.tree_sort_mode = 999  # Invalid sort mode
                                      ^~~
tests/test_file_browser_app.py: note: In member "test_parent_navigation" of class "TestSortDialogAdditional":
tests/test_file_browser_app.py:713: error: Function is missing a return type annotation  [no-untyped-def]
        async def test_parent_navigation(self):
        ^
tests/test_file_browser_app.py:713: note: Use "-> None" if function does not return a value
tests/test_file_browser_app.py: note: In member "test_home_navigation" of class "TestSortDialogAdditional":
tests/test_file_browser_app.py:731: error: Function is missing a return type annotation  [no-untyped-def]
        async def test_home_navigation(self):
        ^
tests/test_file_browser_app.py:731: note: Use "-> None" if function does not return a value
tests/test_file_browser_app.py: note: In member "test_navigation_buttons" of class "TestSortDialogAdditional":
tests/test_file_browser_app.py:744: error: Function is missing a return type annotation  [no-untyped-def]
        async def test_navigation_buttons(self):
        ^
tests/test_file_browser_app.py:744: note: Use "-> None" if function does not return a value
tests/test_file_browser_app.py: note: In member "test_backspace_parent_navigation" of class "TestSortDialogAdditional":
tests/test_file_browser_app.py:750: error: Function is missing a return type annotation  [no-untyped-def]
        async def test_backspace_parent_navigation(self):
        ^
tests/test_file_browser_app.py:750: note: Use "-> None" if function does not return a value
tests/test_file_browser_app.py: note: In member "test_change_directory_invalid_path" of class "TestSortDialogAdditional":
tests/test_file_browser_app.py:764: error: Function is missing a return type annotation  [no-untyped-def]
        async def test_change_directory_invalid_path(self):
        ^
tests/test_file_browser_app.py:764: note: Use "-> None" if function does not return a value
tests/test_file_browser_app.py: note: In member "test_file_size_formatting" of class "TestSortDialogAdditional":
tests/test_file_browser_app.py:776: error: Function is missing a return type annotation  [no-untyped-def]
        async def test_file_size_formatting(self):
        ^
tests/test_file_browser_app.py:776: note: Use "-> None" if function does not return a value
tests/test_file_browser_app.py: note: In member "test_date_formatting" of class "TestSortDialogAdditional":
tests/test_file_browser_app.py:794: error: Function is missing a return type annotation  [no-untyped-def]
        async def test_date_formatting(self):
        ^
tests/test_file_browser_app.py:794: note: Use "-> None" if function does not return a value
tests/test_file_browser_app.py: note: In member "test_render_label_with_file_info" of class "TestSortDialogAdditional":
tests/test_file_browser_app.py:822: error: Function is missing a return type annotation  [no-untyped-def]
        async def test_render_label_with_file_info(self):
        ^
tests/test_file_browser_app.py:822: note: Use "-> None" if function does not return a value
tests/test_file_browser_app.py: note: In member "test_render_label_symlink" of class "TestSortDialogAdditional":
tests/test_file_browser_app.py:880: error: Function is missing a return type annotation  [no-untyped-def]
        async def test_render_label_symlink(self):
        ^
tests/test_file_browser_app.py:880: note: Use "-> None" if function does not return a value
tests/test_file_browser_app.py: note: In member "test_render_label_readonly" of class "TestSortDialogAdditional":
tests/test_file_browser_app.py:915: error: Function is missing a return type annotation  [no-untyped-def]
        async def test_render_label_readonly(self):
        ^
tests/test_file_browser_app.py:915: note: Use "-> None" if function does not return a value
tests/test_file_browser_app.py: note: In member "test_render_label_directory" of class "TestSortDialogAdditional":
tests/test_file_browser_app.py:952: error: Function is missing a return type annotation  [no-untyped-def]
        async def test_render_label_directory(self):
        ^
tests/test_file_browser_app.py:952: note: Use "-> None" if function does not return a value
tests/test_file_browser_app.py: note: In member "test_render_label_permission_error" of class "TestSortDialogAdditional":
tests/test_file_browser_app.py:986: error: Function is missing a return type annotation  [no-untyped-def]
        async def test_render_label_permission_error(self):
        ^
tests/test_file_browser_app.py:986: note: Use "-> None" if function does not return a value
tests/test_file_browser_app.py: note: In member "test_render_label_no_data" of class "TestSortDialogAdditional":
tests/test_file_browser_app.py:1011: error: Function is missing a return type annotation  [no-untyped-def]
        async def test_render_label_no_data(self):
        ^
tests/test_file_browser_app.py:1011: note: Use "-> None" if function does not return a value
tests/test_file_browser_app.py: note: In member "test_render_label_root_node" of class "TestSortDialogAdditional":
tests/test_file_browser_app.py:1036: error: Function is missing a return type annotation  [no-untyped-def]
        async def test_render_label_root_node(self):
        ^
tests/test_file_browser_app.py:1036: note: Use "-> None" if function does not return a value
tests/test_file_browser_app.py: note: In member "test_populate_node_attribute_error" of class "TestSortDialogAdditional":
tests/test_file_browser_app.py:1061: error: Function is missing a return type annotation  [no-untyped-def]
        async def test_populate_node_attribute_error(self):
        ^
tests/test_file_browser_app.py:1061: note: Use "-> None" if function does not return a value
tests/test_file_browser_app.py:1077: error: Missing positional argument "content" in call to "_populate_node" of "DirectoryTree"  [call-arg]
                    tree._populate_node(mock_node)
                    ^~~~~~~~~~~~~~~~~~~~~~~~~~~~~~
tests/test_file_browser_app.py: note: In member "test_folder_selection_mode" of class "TestNewFeatures":
tests/test_file_browser_app.py:1114: error: "App[FileInfo | None]" has no attribute "selected_item"  [attr-defined]
                    assert pilot.app.selected_item is not None
                           ^~~~~~~~~~~~~~~~~~~~~~~
tests/test_file_browser_app.py:1115: error: "App[FileInfo | None]" has no attribute "selected_item"  [attr-defined]
                    assert isinstance(pilot.app.selected_item, FileInfo)
                                      ^~~~~~~~~~~~~~~~~~~~~~~
tests/test_file_browser_app.py:1116: error: "App[FileInfo | None]" has no attribute "selected_item"  [attr-defined]
                    assert pilot.app.selected_item.folder_path is not None
                           ^~~~~~~~~~~~~~~~~~~~~~~
tests/test_file_browser_app.py:1117: error: "App[FileInfo | None]" has no attribute "selected_item"  [attr-defined]
                    assert pilot.app.selected_item.file_path is None
                           ^~~~~~~~~~~~~~~~~~~~~~~
tests/test_file_browser_app.py:1118: error: "App[FileInfo | None]" has no attribute "selected_item"  [attr-defined]
                    assert "test_folder" in str(pilot.app.selected_item.folder_path)
                                                ^~~~~~~~~~~~~~~~~~~~~~~
tests/test_file_browser_app.py: note: In member "test_file_and_folder_selection" of class "TestNewFeatures":
tests/test_file_browser_app.py:1138: error: "App[FileInfo | None]" has no attribute "selected_item"  [attr-defined]
                    assert pilot.app.selected_item is not None
                           ^~~~~~~~~~~~~~~~~~~~~~~
tests/test_file_browser_app.py:1139: error: "App[FileInfo | None]" has no attribute "selected_item"  [attr-defined]
                    assert pilot.app.selected_item.folder_path == test_dir
                           ^~~~~~~~~~~~~~~~~~~~~~~
tests/test_file_browser_app.py: note: In member "test_comprehensive_file_info" of class "TestNewFeatures":
tests/test_file_browser_app.py:1164: error: "App[FileInfo | None]" has no attribute "_create_file_info"  [attr-defined]
                    pilot.app._create_file_info(regular_file, is_file=True)
                    ^~~~~~~~~~~~~~~~~~~~~~~~~~~
tests/test_file_browser_app.py:1165: error: "App[FileInfo | None]" has no attribute "selected_item"  [attr-defined]
                    info = pilot.app.selected_item
                           ^~~~~~~~~~~~~~~~~~~~~~~
tests/test_file_browser_app.py:1178: error: "App[FileInfo | None]" has no attribute "_create_file_info"  [attr-defined]
                    pilot.app._create_file_info(symlink, is_file=True)
                    ^~~~~~~~~~~~~~~~~~~~~~~~~~~
tests/test_file_browser_app.py:1179: error: "App[FileInfo | None]" has no attribute "selected_item"  [attr-defined]
                    info = pilot.app.selected_item
                           ^~~~~~~~~~~~~~~~~~~~~~~
tests/test_file_browser_app.py:1184: error: "App[FileInfo | None]" has no attribute "_create_file_info"  [attr-defined]
                    pilot.app._create_file_info(broken_link, is_file=True)
                    ^~~~~~~~~~~~~~~~~~~~~~~~~~~
tests/test_file_browser_app.py:1185: error: "App[FileInfo | None]" has no attribute "selected_item"  [attr-defined]
                    info = pilot.app.selected_item
                           ^~~~~~~~~~~~~~~~~~~~~~~
tests/test_file_browser_app.py: note: In member "test_venv_detection_and_caching" of class "TestNewFeatures":
tests/test_file_browser_app.py:1228: error: "App[FileInfo | None]" has no attribute "_create_file_info"  [attr-defined]
                    pilot.app._create_file_info(venv_dir, is_file=False)
                    ^~~~~~~~~~~~~~~~~~~~~~~~~~~
tests/test_file_browser_app.py:1229: error: "App[FileInfo | None]" has no attribute "selected_item"  [attr-defined]
                    info = pilot.app.selected_item
                           ^~~~~~~~~~~~~~~~~~~~~~~
tests/test_file_browser_app.py: note: In member "test_navigation_buttons_complete" of class "TestNewFeatures":
tests/test_file_browser_app.py:1403: error: Unsupported right operand type for in ("Content | Text | str")  [operator]
                    assert "üîº" in parent_btn.label  # Up arrow emoji
                           ^~~~~~~~~~~~~~~~~~~~~~~~~~
tests/test_file_browser_app.py:1403: note: See https://mypy.rtfd.io/en/stable/_refs.html#code-operator for more info
tests/test_file_browser_app.py:1404: error: Unsupported right operand type for in ("Content | Text | str")  [operator]
                    assert "[u]P[/u]" in parent_btn.label  # Underlined P
                           ^~~~~~~~~~~~~~~~~~~~~~~~~~~~~~
tests/test_file_browser_app.py:1406: error: Unsupported right operand type for in ("Content | Text | str")  [operator]
                    assert "üè†" in home_btn.label  # House emoji
                           ^~~~~~~~~~~~~~~~~~~~~~~~
tests/test_file_browser_app.py:1407: error: Unsupported right operand type for in ("Content | Text | str")  [operator]
                    assert "[u]H[/u]" in home_btn.label  # Underlined H
                           ^~~~~~~~~~~~~~~~~~~~~~~~~~~~
tests/test_file_browser_app.py:1409: error: Unsupported right operand type for in ("Content | Text | str")  [operator]
                    assert "‚è´" in root_btn.label  # Up double arrow emoji
                           ^~~~~~~~~~~~~~~~~~~~~~~
tests/test_file_browser_app.py:1410: error: Unsupported right operand type for in ("Content | Text | str")  [operator]
                    assert "[u]R[/u]" in root_btn.label  # Underlined R
                           ^~~~~~~~~~~~~~~~~~~~~~~~~~~~
tests/test_file_browser_app.py:1415: error: "App[FileInfo | None]" has no attribute "current_path"; maybe "current_theme"?  [attr-defined]
                    assert pilot.app.current_path == test_dir
                           ^~~~~~~~~~~~~~~~~~~~~~
tests/test_file_browser_app.py:1420: error: "App[FileInfo | None]" has no attribute "current_path"; maybe "current_theme"?  [attr-defined]
                    assert pilot.app.current_path == Path.home()
                           ^~~~~~~~~~~~~~~~~~~~~~
tests/test_file_browser_app.py:1426: error: "App[FileInfo | None]" has no attribute "current_path"; maybe "current_theme"?  [attr-defined]
                        assert str(pilot.app.current_path).endswith(":\\")
                                   ^~~~~~~~~~~~~~~~~~~~~~
tests/test_file_browser_app.py:1428: error: "App[FileInfo | None]" has no attribute "current_path"; maybe "current_theme"?  [attr-defined]
                        assert pilot.app.current_path == Path("/")
                               ^~~~~~~~~~~~~~~~~~~~~~
tests/test_file_browser_app.py: note: In member "test_sort_dialog_buttons_complete" of class "TestNewFeatures":
tests/test_file_browser_app.py:1482: error: "App[FileInfo | None]" has no attribute "current_sort_mode"  [attr-defined]
                    assert pilot.app.current_sort_mode == SortMode.EXTENSION
                           ^~~~~~~~~~~~~~~~~~~~~~~~~~~
tests/test_file_browser_app.py:1483: error: "App[FileInfo | None]" has no attribute "current_sort_order"  [attr-defined]
                    assert pilot.app.current_sort_order == SortOrder.DESCENDING
                           ^~~~~~~~~~~~~~~~~~~~~~~~~~~~
tests/test_file_browser_app.py: note: In member "test_windows_drive_fallback" of class "TestNewFeatures":
tests/test_file_browser_app.py:1545: error: "App[FileInfo | None]" has no attribute "on_root_button"  [attr-defined]
                        await pilot.app.on_root_button()
                              ^~~~~~~~~~~~~~~~~~~~~~~~
tests/test_file_browser_app.py: note: In member "test_file_info_tuple_unpacking" of class "TestNewFeatures":
tests/test_file_browser_app.py:1618: error: iter? has no attribute "__next__"  [attr-defined]
             readonly, has_venv, is_link, link_broken) = info
                                                         ^~~~
tests/snapshot_apps/test_sorting_browser.py: note: In function "create_test_directory":
tests/snapshot_apps/test_sorting_browser.py:18: error: Function is missing a return type annotation  [no-untyped-def]
    def create_test_directory():
    ^
tests/snapshot_apps/test_sorting_browser.py: note: At top level:
tests/snapshot_apps/test_sorting_browser.py:63: error: Call to untyped function "create_test_directory" in typed context  [no-untyped-call]
        test_dir = create_test_directory()
                   ^~~~~~~~~~~~~~~~~~~~~~~
tests/snapshot_apps/test_file_browser.py: note: In function "create_test_directory":
tests/snapshot_apps/test_file_browser.py:17: error: Function is missing a return type annotation  [no-untyped-def]
    def create_test_directory():
    ^
tests/snapshot_apps/test_file_browser.py: note: At top level:
tests/snapshot_apps/test_file_browser.py:47: error: Call to untyped function "create_test_directory" in typed context  [no-untyped-call]
        test_dir = create_test_directory()
                   ^~~~~~~~~~~~~~~~~~~~~~~
